[CASE]21:51:59:432-caseOutput.py:63 >> abc
[CASE]21:52:08:957-caseOutput.py:61 >> abc
[CASE]21:53:54:701-test_get_home_page.py:18 >> class name: GetHomePagePro
[CASE]21:53:54:730-test_get_home_page.py:19 >> case name: testCase01_major
[CASE]21:53:54:731-test_get_home_page.py:20 >> case msg: 获取当前用户的首页便签，正向流程
[CASE]21:55:58:688-caseOutput.py:61 >> abc
[INFO]21:55:58:697-caseOutput.py:62 >> mmm
[ERROR]21:55:58:697-caseOutput.py:63 >> input error
[CASE]21:56:48:503-test_get_home_page.py:18 >> class name: GetHomePagePro
[CASE]21:56:48:526-test_get_home_page.py:19 >> case name: testCase01_major
[CASE]21:56:48:527-test_get_home_page.py:20 >> case msg: 获取当前用户的首页便签，正向流程
[INFO]21:56:48:528-test_get_home_page.py:23 >> 【前置步骤】请求新增便签主体和新增便签内容接口，构建一条便签数据
[INFO]21:56:48:779-test_get_home_page.py:47 >> 【step】获取当前用户的首页便签数据
[INFO]21:56:48:781-test_get_home_page.py:49 >> requests url: http://note-api.wps.cn/v3/notesvr/user/922061821/home/startindex/0/rows/10/notes
[INFO]21:56:48:782-test_get_home_page.py:50 >> requests headers: {'X-user-key': '922061821', 'Cookie': 'wps_sid=V02SdJIgPeHbKDhJVkgz7SPSuae7ODk00a4833ed0036f58bfd'}
[INFO]21:56:48:923-test_get_home_page.py:52 >> res code: 200
[INFO]21:56:48:924-test_get_home_page.py:53 >> res response: {"responseTime":0,"webNotes":[{"noteId":"1739368608","createTime":1739368659350,"star":0,"remindTime":0,"remindType":0,"infoVersion":1,"infoUpdateTime":1739368659350,"groupId":null,"title":"test","summary":"test","thumbnail":null,"contentVersion":1,"contentUpdateTime":1739368659468},{"noteId":"1739368434","createTime":1739368485523,"star":0,"remindTime":0,"remindType":0,"infoVersion":1,"infoUpdateTime":1739368485523,"groupId":null,"title":"test","summary":"test","thumbnail":null,"contentVersion":1,"contentUpdateTime":1739368485641},{"noteId":"1739366022","createTime":1739366072841,"star":0,"remindTime":0,"remindType":0,"infoVersion":1,"infoUpdateTime":1739366072841,"groupId":null,"title":"test","summary":"test","thumbnail":null,"contentVersion":1,"contentUpdateTime":1739366073000},{"noteId":"1739365942","createTime":1739365993230,"star":0,"remindTime":0,"remindType":0,"infoVersion":1,"infoUpdateTime":1739365993230,"groupId":null,"title":"test","summary":"test","thumbnail":null,"contentVersion":1,"contentUpdateTime":1739365993297},{"noteId":"1739365864","createTime":1739365915400,"star":0,"remindTime":0,"remindType":0,"infoVersion":1,"infoUpdateTime":1739365915400,"groupId":null,"title":"test","summary":"test","thumbnail":null,"contentVersion":1,"contentUpdateTime":1739365915473},{"noteId":"1739109982","createTime":1739110012627,"star":0,"remindTime":0,"remindType":0,"infoVersion":1,"infoUpdateTime":1739110012627,"groupId":null,"title":"test","summary":"test","thumbnail":null,"contentVersion":1,"contentUpdateTime":1739110012779},{"noteId":"1739109924","createTime":1739109953687,"star":0,"remindTime":0,"remindType":0,"infoVersion":1,"infoUpdateTime":1739109953687,"groupId":null,"title":"test","summary":"test","thumbnail":null,"contentVersion":1,"contentUpdateTime":1739109953822}]}
[CASE]21:59:00:696-test_get_home_page.py:18 >> class name: GetHomePagePro
[CASE]21:59:00:725-test_get_home_page.py:19 >> case name: testCase01_major
[CASE]21:59:00:726-test_get_home_page.py:20 >> case msg: 获取当前用户的首页便签，正向流程
[CASE]22:02:12:329-test_get_home_page.py:20 >> class name: GetHomePagePro
[CASE]22:02:12:354-test_get_home_page.py:21 >> case name: testCase01_major
[CASE]22:02:12:355-test_get_home_page.py:22 >> case msg: 获取当前用户的首页便签，正向流程
[INFO]22:02:12:355-test_get_home_page.py:25 >> 【前置步骤】请求新增便签主体和新增便签内容接口，构建一条便签数据
[INFO]22:02:12:631-test_get_home_page.py:49 >> 【step】获取当前用户的首页便签数据
[INFO]22:02:12:633-test_get_home_page.py:51 >> requests url: http://note-api.wps.cn/v3/notesvr/user/922061821/home/startindex/0/rows/10/notes
[INFO]22:02:12:636-test_get_home_page.py:52 >> requests headers: {'X-user-key': '922061821', 'Cookie': 'wps_sid=V02SdJIgPeHbKDhJVkgz7SPSuae7ODk00a4833ed0036f58bfd'}
[INFO]22:02:12:777-test_get_home_page.py:54 >> res code: 200
[INFO]22:02:12:778-test_get_home_page.py:55 >> res response: {"responseTime":0,"webNotes":[{"noteId":"1739368932","createTime":1739368983209,"star":0,"remindTime":0,"remindType":0,"infoVersion":1,"infoUpdateTime":1739368983209,"groupId":null,"title":"test","summary":"test","thumbnail":null,"contentVersion":1,"contentUpdateTime":1739368983391},{"noteId":"1739368608","createTime":1739368659350,"star":0,"remindTime":0,"remindType":0,"infoVersion":1,"infoUpdateTime":1739368659350,"groupId":null,"title":"test","summary":"test","thumbnail":null,"contentVersion":1,"contentUpdateTime":1739368659468},{"noteId":"1739368434","createTime":1739368485523,"star":0,"remindTime":0,"remindType":0,"infoVersion":1,"infoUpdateTime":1739368485523,"groupId":null,"title":"test","summary":"test","thumbnail":null,"contentVersion":1,"contentUpdateTime":1739368485641},{"noteId":"1739366022","createTime":1739366072841,"star":0,"remindTime":0,"remindType":0,"infoVersion":1,"infoUpdateTime":1739366072841,"groupId":null,"title":"test","summary":"test","thumbnail":null,"contentVersion":1,"contentUpdateTime":1739366073000},{"noteId":"1739365942","createTime":1739365993230,"star":0,"remindTime":0,"remindType":0,"infoVersion":1,"infoUpdateTime":1739365993230,"groupId":null,"title":"test","summary":"test","thumbnail":null,"contentVersion":1,"contentUpdateTime":1739365993297},{"noteId":"1739365864","createTime":1739365915400,"star":0,"remindTime":0,"remindType":0,"infoVersion":1,"infoUpdateTime":1739365915400,"groupId":null,"title":"test","summary":"test","thumbnail":null,"contentVersion":1,"contentUpdateTime":1739365915473},{"noteId":"1739109982","createTime":1739110012627,"star":0,"remindTime":0,"remindType":0,"infoVersion":1,"infoUpdateTime":1739110012627,"groupId":null,"title":"test","summary":"test","thumbnail":null,"contentVersion":1,"contentUpdateTime":1739110012779},{"noteId":"1739109924","createTime":1739109953687,"star":0,"remindTime":0,"remindType":0,"infoVersion":1,"infoUpdateTime":1739109953687,"groupId":null,"title":"test","summary":"test","thumbnail":null,"contentVersion":1,"contentUpdateTime":1739109953822}]}
[CASE]22:02:17:448-test_get_home_page.py:20 >> class name: GetHomePagePro
[CASE]22:02:17:470-test_get_home_page.py:21 >> case name: testCase01_major
[CASE]22:02:17:471-test_get_home_page.py:22 >> case msg: 获取当前用户的首页便签，正向流程
[INFO]22:02:17:472-test_get_home_page.py:25 >> 【前置步骤】请求新增便签主体和新增便签内容接口，构建一条便签数据
[INFO]22:02:17:715-test_get_home_page.py:49 >> 【step】获取当前用户的首页便签数据
[INFO]22:02:17:716-test_get_home_page.py:51 >> requests url: http://note-api.wps.cn/v3/notesvr/user/922061821/home/startindex/0/rows/10/notes
[INFO]22:02:17:717-test_get_home_page.py:52 >> requests headers: {'X-user-key': '922061821', 'Cookie': 'wps_sid=V02SdJIgPeHbKDhJVkgz7SPSuae7ODk00a4833ed0036f58bfd'}
[INFO]22:02:17:838-test_get_home_page.py:54 >> res code: 200
[INFO]22:02:17:839-test_get_home_page.py:55 >> res response: {"responseTime":0,"webNotes":[{"noteId":"1739368937","createTime":1739368988369,"star":0,"remindTime":0,"remindType":0,"infoVersion":1,"infoUpdateTime":1739368988369,"groupId":null,"title":"test","summary":"test","thumbnail":null,"contentVersion":1,"contentUpdateTime":1739368988437},{"noteId":"1739368932","createTime":1739368983209,"star":0,"remindTime":0,"remindType":0,"infoVersion":1,"infoUpdateTime":1739368983209,"groupId":null,"title":"test","summary":"test","thumbnail":null,"contentVersion":1,"contentUpdateTime":1739368983391},{"noteId":"1739368608","createTime":1739368659350,"star":0,"remindTime":0,"remindType":0,"infoVersion":1,"infoUpdateTime":1739368659350,"groupId":null,"title":"test","summary":"test","thumbnail":null,"contentVersion":1,"contentUpdateTime":1739368659468},{"noteId":"1739368434","createTime":1739368485523,"star":0,"remindTime":0,"remindType":0,"infoVersion":1,"infoUpdateTime":1739368485523,"groupId":null,"title":"test","summary":"test","thumbnail":null,"contentVersion":1,"contentUpdateTime":1739368485641},{"noteId":"1739366022","createTime":1739366072841,"star":0,"remindTime":0,"remindType":0,"infoVersion":1,"infoUpdateTime":1739366072841,"groupId":null,"title":"test","summary":"test","thumbnail":null,"contentVersion":1,"contentUpdateTime":1739366073000},{"noteId":"1739365942","createTime":1739365993230,"star":0,"remindTime":0,"remindType":0,"infoVersion":1,"infoUpdateTime":1739365993230,"groupId":null,"title":"test","summary":"test","thumbnail":null,"contentVersion":1,"contentUpdateTime":1739365993297},{"noteId":"1739365864","createTime":1739365915400,"star":0,"remindTime":0,"remindType":0,"infoVersion":1,"infoUpdateTime":1739365915400,"groupId":null,"title":"test","summary":"test","thumbnail":null,"contentVersion":1,"contentUpdateTime":1739365915473},{"noteId":"1739109982","createTime":1739110012627,"star":0,"remindTime":0,"remindType":0,"infoVersion":1,"infoUpdateTime":1739110012627,"groupId":null,"title":"test","summary":"test","thumbnail":null,"contentVersion":1,"contentUpdateTime":1739110012779},{"noteId":"1739109924","createTime":1739109953687,"star":0,"remindTime":0,"remindType":0,"infoVersion":1,"infoUpdateTime":1739109953687,"groupId":null,"title":"test","summary":"test","thumbnail":null,"contentVersion":1,"contentUpdateTime":1739109953822}]}
[CASE]22:03:08:578-test_get_home_page.py:20 >> class name: GetHomePagePro
[CASE]22:03:08:601-test_get_home_page.py:21 >> case name: testCase01_major
[CASE]22:03:08:602-test_get_home_page.py:22 >> case msg: 获取当前用户的首页便签，正向流程
[INFO]22:03:08:603-test_get_home_page.py:25 >> 【前置步骤】请求新增便签主体和新增便签内容接口，构建一条便签数据
[INFO]22:03:08:854-test_get_home_page.py:49 >> 【step】获取当前用户的首页便签数据
[INFO]22:03:08:856-test_get_home_page.py:51 >> requests url: http://note-api.wps.cn/v3/notesvr/user/922061821/home/startindex/0/rows/10/notes
[INFO]22:03:08:857-test_get_home_page.py:52 >> requests headers: {'X-user-key': '922061821', 'Cookie': 'wps_sid=V02SdJIgPeHbKDhJVkgz7SPSuae7ODk00a4833ed0036f58bfd'}
[INFO]22:03:08:993-test_get_home_page.py:54 >> res code: 200
[INFO]22:03:08:994-test_get_home_page.py:55 >> res response: {"responseTime":0,"webNotes":[{"noteId":"1739368988","createTime":1739369039502,"star":0,"remindTime":0,"remindType":0,"infoVersion":1,"infoUpdateTime":1739369039502,"groupId":null,"title":"test","summary":"test","thumbnail":null,"contentVersion":1,"contentUpdateTime":1739369039624},{"noteId":"1739368937","createTime":1739368988369,"star":0,"remindTime":0,"remindType":0,"infoVersion":1,"infoUpdateTime":1739368988369,"groupId":null,"title":"test","summary":"test","thumbnail":null,"contentVersion":1,"contentUpdateTime":1739368988437},{"noteId":"1739368932","createTime":1739368983209,"star":0,"remindTime":0,"remindType":0,"infoVersion":1,"infoUpdateTime":1739368983209,"groupId":null,"title":"test","summary":"test","thumbnail":null,"contentVersion":1,"contentUpdateTime":1739368983391},{"noteId":"1739368608","createTime":1739368659350,"star":0,"remindTime":0,"remindType":0,"infoVersion":1,"infoUpdateTime":1739368659350,"groupId":null,"title":"test","summary":"test","thumbnail":null,"contentVersion":1,"contentUpdateTime":1739368659468},{"noteId":"1739368434","createTime":1739368485523,"star":0,"remindTime":0,"remindType":0,"infoVersion":1,"infoUpdateTime":1739368485523,"groupId":null,"title":"test","summary":"test","thumbnail":null,"contentVersion":1,"contentUpdateTime":1739368485641},{"noteId":"1739366022","createTime":1739366072841,"star":0,"remindTime":0,"remindType":0,"infoVersion":1,"infoUpdateTime":1739366072841,"groupId":null,"title":"test","summary":"test","thumbnail":null,"contentVersion":1,"contentUpdateTime":1739366073000},{"noteId":"1739365942","createTime":1739365993230,"star":0,"remindTime":0,"remindType":0,"infoVersion":1,"infoUpdateTime":1739365993230,"groupId":null,"title":"test","summary":"test","thumbnail":null,"contentVersion":1,"contentUpdateTime":1739365993297},{"noteId":"1739365864","createTime":1739365915400,"star":0,"remindTime":0,"remindType":0,"infoVersion":1,"infoUpdateTime":1739365915400,"groupId":null,"title":"test","summary":"test","thumbnail":null,"contentVersion":1,"contentUpdateTime":1739365915473},{"noteId":"1739109982","createTime":1739110012627,"star":0,"remindTime":0,"remindType":0,"infoVersion":1,"infoUpdateTime":1739110012627,"groupId":null,"title":"test","summary":"test","thumbnail":null,"contentVersion":1,"contentUpdateTime":1739110012779},{"noteId":"1739109924","createTime":1739109953687,"star":0,"remindTime":0,"remindType":0,"infoVersion":1,"infoUpdateTime":1739109953687,"groupId":null,"title":"test","summary":"test","thumbnail":null,"contentVersion":1,"contentUpdateTime":1739109953822}]}
[ERROR]22:03:08:995-assertCommon.py:9 >> res code different, expect code: 201, actual code: 200.
[CASE]22:11:15:573-caseOutput.py:67 >> -------------------------------------------------------------------------
[CASE]22:11:15:600-caseOutput.py:68 >> Method Name:testCase01_major, Class Name:GetHomePagePro
[CASE]22:11:15:601-caseOutput.py:69 >> Test Description:获取当前用户的首页便签，正向流程
[INFO]22:11:15:603-test_get_home_page.py:23 >> 【前置步骤】请求新增便签主体和新增便签内容接口，构建一条便签数据
[INFO]22:11:15:846-test_get_home_page.py:47 >> 【step】获取当前用户的首页便签数据
[INFO]22:11:15:847-test_get_home_page.py:49 >> requests url: http://note-api.wps.cn/v3/notesvr/user/922061821/home/startindex/0/rows/10/notes
[INFO]22:11:15:848-test_get_home_page.py:50 >> requests headers: {'X-user-key': '922061821', 'Cookie': 'wps_sid=V02SdJIgPeHbKDhJVkgz7SPSuae7ODk00a4833ed0036f58bfd'}
[INFO]22:11:15:974-test_get_home_page.py:52 >> res code: 200
[INFO]22:11:15:976-test_get_home_page.py:53 >> res response: {"responseTime":0,"webNotes":[{"noteId":"1739369475","createTime":1739369526533,"star":0,"remindTime":0,"remindType":0,"infoVersion":1,"infoUpdateTime":1739369526533,"groupId":null,"title":"test","summary":"test","thumbnail":null,"contentVersion":1,"contentUpdateTime":1739369526649},{"noteId":"1739368988","createTime":1739369039502,"star":0,"remindTime":0,"remindType":0,"infoVersion":1,"infoUpdateTime":1739369039502,"groupId":null,"title":"test","summary":"test","thumbnail":null,"contentVersion":1,"contentUpdateTime":1739369039624},{"noteId":"1739368937","createTime":1739368988369,"star":0,"remindTime":0,"remindType":0,"infoVersion":1,"infoUpdateTime":1739368988369,"groupId":null,"title":"test","summary":"test","thumbnail":null,"contentVersion":1,"contentUpdateTime":1739368988437},{"noteId":"1739368932","createTime":1739368983209,"star":0,"remindTime":0,"remindType":0,"infoVersion":1,"infoUpdateTime":1739368983209,"groupId":null,"title":"test","summary":"test","thumbnail":null,"contentVersion":1,"contentUpdateTime":1739368983391},{"noteId":"1739368608","createTime":1739368659350,"star":0,"remindTime":0,"remindType":0,"infoVersion":1,"infoUpdateTime":1739368659350,"groupId":null,"title":"test","summary":"test","thumbnail":null,"contentVersion":1,"contentUpdateTime":1739368659468},{"noteId":"1739368434","createTime":1739368485523,"star":0,"remindTime":0,"remindType":0,"infoVersion":1,"infoUpdateTime":1739368485523,"groupId":null,"title":"test","summary":"test","thumbnail":null,"contentVersion":1,"contentUpdateTime":1739368485641},{"noteId":"1739366022","createTime":1739366072841,"star":0,"remindTime":0,"remindType":0,"infoVersion":1,"infoUpdateTime":1739366072841,"groupId":null,"title":"test","summary":"test","thumbnail":null,"contentVersion":1,"contentUpdateTime":1739366073000},{"noteId":"1739365942","createTime":1739365993230,"star":0,"remindTime":0,"remindType":0,"infoVersion":1,"infoUpdateTime":1739365993230,"groupId":null,"title":"test","summary":"test","thumbnail":null,"contentVersion":1,"contentUpdateTime":1739365993297},{"noteId":"1739365864","createTime":1739365915400,"star":0,"remindTime":0,"remindType":0,"infoVersion":1,"infoUpdateTime":1739365915400,"groupId":null,"title":"test","summary":"test","thumbnail":null,"contentVersion":1,"contentUpdateTime":1739365915473},{"noteId":"1739109982","createTime":1739110012627,"star":0,"remindTime":0,"remindType":0,"infoVersion":1,"infoUpdateTime":1739110012627,"groupId":null,"title":"test","summary":"test","thumbnail":null,"contentVersion":1,"contentUpdateTime":1739110012779}]}
[ERROR]22:11:15:978-assertCommon.py:9 >> assert fail! res code different, expect code: 201, actual code: 200.
[CASE]22:11:38:123-caseOutput.py:67 >> -------------------------------------------------------------------------
[CASE]22:11:38:152-caseOutput.py:68 >> Method Name:testCase01_major, Class Name:GetHomePagePro
[CASE]22:11:38:153-caseOutput.py:69 >> Test Description:获取当前用户的首页便签，正向流程
[INFO]22:11:38:154-test_get_home_page.py:23 >> 【前置步骤】请求新增便签主体和新增便签内容接口，构建一条便签数据
[INFO]22:11:38:411-test_get_home_page.py:47 >> 【step】获取当前用户的首页便签数据
[INFO]22:11:38:413-test_get_home_page.py:49 >> requests url: http://note-api.wps.cn/v3/notesvr/user/922061821/home/startindex/0/rows/10/notes
[INFO]22:11:38:414-test_get_home_page.py:50 >> requests headers: {'X-user-key': '922061821', 'Cookie': 'wps_sid=V02SdJIgPeHbKDhJVkgz7SPSuae7ODk00a4833ed0036f58bfd'}
[INFO]22:11:38:538-test_get_home_page.py:52 >> res code: 200
[INFO]22:11:38:539-test_get_home_page.py:53 >> res response: {"responseTime":0,"webNotes":[{"noteId":"1739369498","createTime":1739369549067,"star":0,"remindTime":0,"remindType":0,"infoVersion":1,"infoUpdateTime":1739369549067,"groupId":null,"title":"test","summary":"test","thumbnail":null,"contentVersion":1,"contentUpdateTime":1739369549189},{"noteId":"1739369475","createTime":1739369526533,"star":0,"remindTime":0,"remindType":0,"infoVersion":1,"infoUpdateTime":1739369526533,"groupId":null,"title":"test","summary":"test","thumbnail":null,"contentVersion":1,"contentUpdateTime":1739369526649},{"noteId":"1739368988","createTime":1739369039502,"star":0,"remindTime":0,"remindType":0,"infoVersion":1,"infoUpdateTime":1739369039502,"groupId":null,"title":"test","summary":"test","thumbnail":null,"contentVersion":1,"contentUpdateTime":1739369039624},{"noteId":"1739368937","createTime":1739368988369,"star":0,"remindTime":0,"remindType":0,"infoVersion":1,"infoUpdateTime":1739368988369,"groupId":null,"title":"test","summary":"test","thumbnail":null,"contentVersion":1,"contentUpdateTime":1739368988437},{"noteId":"1739368932","createTime":1739368983209,"star":0,"remindTime":0,"remindType":0,"infoVersion":1,"infoUpdateTime":1739368983209,"groupId":null,"title":"test","summary":"test","thumbnail":null,"contentVersion":1,"contentUpdateTime":1739368983391},{"noteId":"1739368608","createTime":1739368659350,"star":0,"remindTime":0,"remindType":0,"infoVersion":1,"infoUpdateTime":1739368659350,"groupId":null,"title":"test","summary":"test","thumbnail":null,"contentVersion":1,"contentUpdateTime":1739368659468},{"noteId":"1739368434","createTime":1739368485523,"star":0,"remindTime":0,"remindType":0,"infoVersion":1,"infoUpdateTime":1739368485523,"groupId":null,"title":"test","summary":"test","thumbnail":null,"contentVersion":1,"contentUpdateTime":1739368485641},{"noteId":"1739366022","createTime":1739366072841,"star":0,"remindTime":0,"remindType":0,"infoVersion":1,"infoUpdateTime":1739366072841,"groupId":null,"title":"test","summary":"test","thumbnail":null,"contentVersion":1,"contentUpdateTime":1739366073000},{"noteId":"1739365942","createTime":1739365993230,"star":0,"remindTime":0,"remindType":0,"infoVersion":1,"infoUpdateTime":1739365993230,"groupId":null,"title":"test","summary":"test","thumbnail":null,"contentVersion":1,"contentUpdateTime":1739365993297},{"noteId":"1739365864","createTime":1739365915400,"star":0,"remindTime":0,"remindType":0,"infoVersion":1,"infoUpdateTime":1739365915400,"groupId":null,"title":"test","summary":"test","thumbnail":null,"contentVersion":1,"contentUpdateTime":1739365915473}]}
[CASE]22:11:38:540-caseOutput.py:73 >> Case run time: 0.42s
[CASE]22:20:59:450-caseOutput.py:69 >> -------------------------------------------------------------------------
[CASE]22:20:59:475-caseOutput.py:70 >> Method Name:testCase01_major, Class Name:GetHomePagePro
[CASE]22:20:59:476-caseOutput.py:71 >> Test Description:获取当前用户的首页便签，正向流程
[INFO]22:20:59:477-test_get_home_page.py:23 >> 【前置步骤】请求新增便签主体和新增便签内容接口，构建一条便签数据
[INFO]22:20:59:728-test_get_home_page.py:47 >> 【step】获取当前用户的首页便签数据
[INFO]22:20:59:729-test_get_home_page.py:49 >> requests url: http://note-api.wps.cn/v3/notesvr/user/922061821/home/startindex/0/rows/10/notes
[INFO]22:20:59:730-test_get_home_page.py:50 >> requests headers: {'X-user-key': '922061821', 'Cookie': 'wps_sid=V02SdJIgPeHbKDhJVkgz7SPSuae7ODk00a4833ed0036f58bfd'}
[INFO]22:20:59:865-test_get_home_page.py:52 >> res code: 200
[INFO]22:20:59:866-test_get_home_page.py:53 >> res response: {"responseTime":0,"webNotes":[{"noteId":"1739370059","createTime":1739370110376,"star":0,"remindTime":0,"remindType":0,"infoVersion":1,"infoUpdateTime":1739370110376,"groupId":null,"title":"test","summary":"test","thumbnail":null,"contentVersion":1,"contentUpdateTime":1739370110521},{"noteId":"1739369498","createTime":1739369549067,"star":0,"remindTime":0,"remindType":0,"infoVersion":1,"infoUpdateTime":1739369549067,"groupId":null,"title":"test","summary":"test","thumbnail":null,"contentVersion":1,"contentUpdateTime":1739369549189},{"noteId":"1739369475","createTime":1739369526533,"star":0,"remindTime":0,"remindType":0,"infoVersion":1,"infoUpdateTime":1739369526533,"groupId":null,"title":"test","summary":"test","thumbnail":null,"contentVersion":1,"contentUpdateTime":1739369526649},{"noteId":"1739368988","createTime":1739369039502,"star":0,"remindTime":0,"remindType":0,"infoVersion":1,"infoUpdateTime":1739369039502,"groupId":null,"title":"test","summary":"test","thumbnail":null,"contentVersion":1,"contentUpdateTime":1739369039624},{"noteId":"1739368937","createTime":1739368988369,"star":0,"remindTime":0,"remindType":0,"infoVersion":1,"infoUpdateTime":1739368988369,"groupId":null,"title":"test","summary":"test","thumbnail":null,"contentVersion":1,"contentUpdateTime":1739368988437},{"noteId":"1739368932","createTime":1739368983209,"star":0,"remindTime":0,"remindType":0,"infoVersion":1,"infoUpdateTime":1739368983209,"groupId":null,"title":"test","summary":"test","thumbnail":null,"contentVersion":1,"contentUpdateTime":1739368983391},{"noteId":"1739368608","createTime":1739368659350,"star":0,"remindTime":0,"remindType":0,"infoVersion":1,"infoUpdateTime":1739368659350,"groupId":null,"title":"test","summary":"test","thumbnail":null,"contentVersion":1,"contentUpdateTime":1739368659468},{"noteId":"1739368434","createTime":1739368485523,"star":0,"remindTime":0,"remindType":0,"infoVersion":1,"infoUpdateTime":1739368485523,"groupId":null,"title":"test","summary":"test","thumbnail":null,"contentVersion":1,"contentUpdateTime":1739368485641},{"noteId":"1739366022","createTime":1739366072841,"star":0,"remindTime":0,"remindType":0,"infoVersion":1,"infoUpdateTime":1739366072841,"groupId":null,"title":"test","summary":"test","thumbnail":null,"contentVersion":1,"contentUpdateTime":1739366073000},{"noteId":"1739365942","createTime":1739365993230,"star":0,"remindTime":0,"remindType":0,"infoVersion":1,"infoUpdateTime":1739365993230,"groupId":null,"title":"test","summary":"test","thumbnail":null,"contentVersion":1,"contentUpdateTime":1739365993297}]}
[CASE]22:20:59:868-caseOutput.py:75 >> Case run time: 0.42s
[CASE]22:21:09:606-caseOutput.py:69 >> -------------------------------------------------------------------------
[CASE]22:21:09:631-caseOutput.py:70 >> Method Name:testCase01_major, Class Name:GetHomePagePro
[CASE]22:21:09:632-caseOutput.py:71 >> Test Description:获取当前用户的首页便签，正向流程
[INFO]22:21:09:633-test_get_home_page.py:23 >> 【前置步骤】请求新增便签主体和新增便签内容接口，构建一条便签数据
[INFO]22:21:09:918-test_get_home_page.py:47 >> 【step】获取当前用户的首页便签数据
[INFO]22:21:09:919-test_get_home_page.py:49 >> requests url: http://note-api.wps.cn/v3/notesvr/user/922061821/home/startindex/0/rows/10/notes
[INFO]22:21:09:920-test_get_home_page.py:50 >> requests headers: {'X-user-key': '922061821', 'Cookie': 'wps_sid=V02SdJIgPeHbKDhJVkgz7SPSuae7ODk00a4833ed0036f58bfd'}
[INFO]22:21:10:045-test_get_home_page.py:52 >> res code: 200
[INFO]22:21:10:046-test_get_home_page.py:53 >> res response: {"responseTime":0,"webNotes":[{"noteId":"1739370069","createTime":1739370120461,"star":0,"remindTime":0,"remindType":0,"infoVersion":1,"infoUpdateTime":1739370120461,"groupId":null,"title":"test","summary":"test","thumbnail":null,"contentVersion":1,"contentUpdateTime":1739370120692},{"noteId":"1739370059","createTime":1739370110376,"star":0,"remindTime":0,"remindType":0,"infoVersion":1,"infoUpdateTime":1739370110376,"groupId":null,"title":"test","summary":"test","thumbnail":null,"contentVersion":1,"contentUpdateTime":1739370110521},{"noteId":"1739369498","createTime":1739369549067,"star":0,"remindTime":0,"remindType":0,"infoVersion":1,"infoUpdateTime":1739369549067,"groupId":null,"title":"test","summary":"test","thumbnail":null,"contentVersion":1,"contentUpdateTime":1739369549189},{"noteId":"1739369475","createTime":1739369526533,"star":0,"remindTime":0,"remindType":0,"infoVersion":1,"infoUpdateTime":1739369526533,"groupId":null,"title":"test","summary":"test","thumbnail":null,"contentVersion":1,"contentUpdateTime":1739369526649},{"noteId":"1739368988","createTime":1739369039502,"star":0,"remindTime":0,"remindType":0,"infoVersion":1,"infoUpdateTime":1739369039502,"groupId":null,"title":"test","summary":"test","thumbnail":null,"contentVersion":1,"contentUpdateTime":1739369039624},{"noteId":"1739368937","createTime":1739368988369,"star":0,"remindTime":0,"remindType":0,"infoVersion":1,"infoUpdateTime":1739368988369,"groupId":null,"title":"test","summary":"test","thumbnail":null,"contentVersion":1,"contentUpdateTime":1739368988437},{"noteId":"1739368932","createTime":1739368983209,"star":0,"remindTime":0,"remindType":0,"infoVersion":1,"infoUpdateTime":1739368983209,"groupId":null,"title":"test","summary":"test","thumbnail":null,"contentVersion":1,"contentUpdateTime":1739368983391},{"noteId":"1739368608","createTime":1739368659350,"star":0,"remindTime":0,"remindType":0,"infoVersion":1,"infoUpdateTime":1739368659350,"groupId":null,"title":"test","summary":"test","thumbnail":null,"contentVersion":1,"contentUpdateTime":1739368659468},{"noteId":"1739368434","createTime":1739368485523,"star":0,"remindTime":0,"remindType":0,"infoVersion":1,"infoUpdateTime":1739368485523,"groupId":null,"title":"test","summary":"test","thumbnail":null,"contentVersion":1,"contentUpdateTime":1739368485641},{"noteId":"1739366022","createTime":1739366072841,"star":0,"remindTime":0,"remindType":0,"infoVersion":1,"infoUpdateTime":1739366072841,"groupId":null,"title":"test","summary":"test","thumbnail":null,"contentVersion":1,"contentUpdateTime":1739366073000}]}
[CASE]22:21:10:047-caseOutput.py:75 >> Case run time: 0.44s
[ERROR]22:21:10:048-caseOutput.py:77 >> case run timeout!
[CASE]22:24:53:306-caseOutput.py:69 >> -------------------------------------------------------------------------
[CASE]22:24:53:333-caseOutput.py:70 >> Method Name:testCase01_major, Class Name:CreateNoteInfo
[CASE]22:24:53:334-caseOutput.py:71 >> Test Description:新增便签主体，主流程
[CASE]22:24:53:476-caseOutput.py:75 >> Case run time: 0.17s
[CASE]22:24:58:679-caseOutput.py:69 >> -------------------------------------------------------------------------
[CASE]22:24:58:704-caseOutput.py:70 >> Method Name:testCase01_major, Class Name:CreateNoteInfo
[CASE]22:24:58:705-caseOutput.py:71 >> Test Description:新增便签主体，主流程
[CASE]22:24:58:831-caseOutput.py:75 >> Case run time: 0.15s
[CASE]22:24:58:832-caseOutput.py:69 >> -------------------------------------------------------------------------
[CASE]22:24:58:834-caseOutput.py:70 >> Method Name:testCase01_must_key, Class Name:CreateNoteInfo
[CASE]22:24:58:835-caseOutput.py:71 >> Test Description:新增便签主体，noteId必填项校验，字段缺失
[CASE]22:24:58:932-caseOutput.py:69 >> -------------------------------------------------------------------------
[CASE]22:24:58:933-caseOutput.py:70 >> Method Name:testCase02_must_key, Class Name:CreateNoteInfo
[CASE]22:24:58:934-caseOutput.py:71 >> Test Description:新增便签主体，noteId必填项校验，为空字符串
[CASE]22:24:59:032-caseOutput.py:69 >> -------------------------------------------------------------------------
[CASE]22:24:59:033-caseOutput.py:70 >> Method Name:testCase03_must_key, Class Name:CreateNoteInfo
[CASE]22:24:59:034-caseOutput.py:71 >> Test Description:新增便签主体，noteId必填项校验，为None
[CASE]22:24:59:133-caseOutput.py:69 >> -------------------------------------------------------------------------
[CASE]22:24:59:134-caseOutput.py:70 >> Method Name:testCase04_must_key_0, Class Name:CreateNoteInfo
[CASE]22:24:59:135-caseOutput.py:71 >> Test Description:新增便签主体，非必填字段校验，字段缺失 [with item={'key': 'noteId', 'code': 200}]
[CASE]22:24:59:235-caseOutput.py:69 >> -------------------------------------------------------------------------
[CASE]22:24:59:236-caseOutput.py:70 >> Method Name:testCase04_must_key_1, Class Name:CreateNoteInfo
[CASE]22:24:59:237-caseOutput.py:71 >> Test Description:新增便签主体，非必填字段校验，字段缺失 [with item={'key': 'star', 'code': 200}]
[CASE]22:24:59:356-caseOutput.py:75 >> Case run time: 0.12s
[CASE]22:24:59:359-caseOutput.py:69 >> -------------------------------------------------------------------------
[CASE]22:24:59:360-caseOutput.py:70 >> Method Name:testCase04_must_key_2, Class Name:CreateNoteInfo
[CASE]22:24:59:361-caseOutput.py:71 >> Test Description:新增便签主体，非必填字段校验，字段缺失 [with item={'key': 'remindType', 'code': 200}]
[CASE]22:24:59:542-caseOutput.py:75 >> Case run time: 0.18s
[CASE]22:25:38:301-caseOutput.py:69 >> -------------------------------------------------------------------------
[CASE]22:25:38:325-caseOutput.py:70 >> Method Name:testCase01_major, Class Name:GetHomePagePro
[CASE]22:25:38:326-caseOutput.py:71 >> Test Description:获取当前用户的首页便签，正向流程
[INFO]22:25:38:327-test_get_home_page.py:23 >> 【前置步骤】请求新增便签主体和新增便签内容接口，构建一条便签数据
[INFO]22:25:38:606-test_get_home_page.py:47 >> 【step】获取当前用户的首页便签数据
[INFO]22:25:38:608-test_get_home_page.py:49 >> requests url: http://note-api.wps.cn/v3/notesvr/user/922061821/home/startindex/0/rows/10/notes
[INFO]22:25:38:609-test_get_home_page.py:50 >> requests headers: {'X-user-key': '922061821', 'Cookie': 'wps_sid=V02SdJIgPeHbKDhJVkgz7SPSuae7ODk00a4833ed0036f58bfd'}
[INFO]22:25:39:048-test_get_home_page.py:52 >> res code: 200
[INFO]22:25:39:049-test_get_home_page.py:53 >> res response: {"responseTime":0,"webNotes":[{"noteId":"1739370338","createTime":1739370389166,"star":0,"remindTime":0,"remindType":0,"infoVersion":1,"infoUpdateTime":1739370389166,"groupId":null,"title":"test","summary":"test","thumbnail":null,"contentVersion":1,"contentUpdateTime":1739370389315},{"noteId":"1739370069","createTime":1739370120461,"star":0,"remindTime":0,"remindType":0,"infoVersion":1,"infoUpdateTime":1739370120461,"groupId":null,"title":"test","summary":"test","thumbnail":null,"contentVersion":1,"contentUpdateTime":1739370120692},{"noteId":"1739370059","createTime":1739370110376,"star":0,"remindTime":0,"remindType":0,"infoVersion":1,"infoUpdateTime":1739370110376,"groupId":null,"title":"test","summary":"test","thumbnail":null,"contentVersion":1,"contentUpdateTime":1739370110521},{"noteId":"1739369498","createTime":1739369549067,"star":0,"remindTime":0,"remindType":0,"infoVersion":1,"infoUpdateTime":1739369549067,"groupId":null,"title":"test","summary":"test","thumbnail":null,"contentVersion":1,"contentUpdateTime":1739369549189},{"noteId":"1739369475","createTime":1739369526533,"star":0,"remindTime":0,"remindType":0,"infoVersion":1,"infoUpdateTime":1739369526533,"groupId":null,"title":"test","summary":"test","thumbnail":null,"contentVersion":1,"contentUpdateTime":1739369526649},{"noteId":"1739368988","createTime":1739369039502,"star":0,"remindTime":0,"remindType":0,"infoVersion":1,"infoUpdateTime":1739369039502,"groupId":null,"title":"test","summary":"test","thumbnail":null,"contentVersion":1,"contentUpdateTime":1739369039624},{"noteId":"1739368937","createTime":1739368988369,"star":0,"remindTime":0,"remindType":0,"infoVersion":1,"infoUpdateTime":1739368988369,"groupId":null,"title":"test","summary":"test","thumbnail":null,"contentVersion":1,"contentUpdateTime":1739368988437},{"noteId":"1739368932","createTime":1739368983209,"star":0,"remindTime":0,"remindType":0,"infoVersion":1,"infoUpdateTime":1739368983209,"groupId":null,"title":"test","summary":"test","thumbnail":null,"contentVersion":1,"contentUpdateTime":1739368983391},{"noteId":"1739368608","createTime":1739368659350,"star":0,"remindTime":0,"remindType":0,"infoVersion":1,"infoUpdateTime":1739368659350,"groupId":null,"title":"test","summary":"test","thumbnail":null,"contentVersion":1,"contentUpdateTime":1739368659468},{"noteId":"1739368434","createTime":1739368485523,"star":0,"remindTime":0,"remindType":0,"infoVersion":1,"infoUpdateTime":1739368485523,"groupId":null,"title":"test","summary":"test","thumbnail":null,"contentVersion":1,"contentUpdateTime":1739368485641}]}
[CASE]22:25:39:051-caseOutput.py:75 >> Case run time: 0.75s
